<?xml version="1.0" encoding="UTF-8"?>
<testng-results skipped="0" failed="0" ignored="0" total="1" passed="1">
  <reporter-output>
    <line>
      <![CDATA[facebook started]]>
    </line>
  </reporter-output>
  <suite name="Default suite" duration-ms="6864" started-at="2017-07-24T13:16:35Z" finished-at="2017-07-24T13:16:42Z">
    <groups>
    </groups>
    <test name="Default test" duration-ms="6864" started-at="2017-07-24T13:16:35Z" finished-at="2017-07-24T13:16:42Z">
      <class name="pack.Sceen">
        <test-method status="PASS" signature="setUp()[pri:0, instance:pack.Sceen@174d20a]" name="setUp" is-config="true" duration-ms="5583" started-at="2017-07-24T18:46:35Z" finished-at="2017-07-24T18:46:41Z">
          <reporter-output>
          </reporter-output>
        </test-method> <!-- setUp -->
        <test-method status="PASS" signature="login()[pri:0, instance:pack.Sceen@174d20a]" name="login" duration-ms="1219" started-at="2017-07-24T18:46:41Z" description="register facebook" finished-at="2017-07-24T18:46:42Z">
          <reporter-output>
            <line>
              <![CDATA[facebook started]]>
            </line>
          </reporter-output>
        </test-method> <!-- login -->
      </class> <!-- pack.Sceen -->
    </test> <!-- Default test -->
  </suite> <!-- Default suite -->
</testng-results>
